2026-02-24 05:50:46.972 [info] Extension host with pid 25506 started
2026-02-24 05:50:47.169 [info] ExtensionService#_doActivateExtension vscode.github-authentication, startup: false, activationEvent: 'onAuthenticationRequest:github'
2026-02-24 05:50:47.188 [info] ExtensionService#_doActivateExtension vscode.emmet, startup: false, activationEvent: 'onLanguage'
2026-02-24 05:50:47.199 [info] ExtensionService#_doActivateExtension vscode.extension-editing, startup: false, activationEvent: 'onLanguage:markdown'
2026-02-24 05:50:47.206 [info] ExtensionService#_doActivateExtension vscode.markdown-language-features, startup: false, activationEvent: 'onLanguage:markdown'
2026-02-24 05:50:47.567 [info] ExtensionService#_doActivateExtension vscode.git-base, startup: true, activationEvent: '*', root cause: vscode.git
2026-02-24 05:50:47.577 [info] ExtensionService#_doActivateExtension johnstoncode.svn-scm, startup: true, activationEvent: '*'
2026-02-24 05:50:47.615 [info] ExtensionService#_doActivateExtension mrcrowl.hg, startup: true, activationEvent: '*'
2026-02-24 05:50:47.633 [info] ExtensionService#_doActivateExtension vscode.markdown-math, startup: false, activationEvent: 'api', root cause: vscode.markdown-language-features
2026-02-24 05:50:47.681 [info] ExtensionService#_doActivateExtension vscode.git, startup: true, activationEvent: '*'
2026-02-24 05:50:47.712 [info] ExtensionService#_doActivateExtension vscode.github, startup: true, activationEvent: '*'
2026-02-24 05:50:47.779 [info] Eager extensions activated
2026-02-24 05:50:47.798 [info] ExtensionService#_doActivateExtension vscode.debug-auto-launch, startup: false, activationEvent: 'onStartupFinished'
2026-02-24 05:50:47.799 [info] ExtensionService#_doActivateExtension vscode.merge-conflict, startup: false, activationEvent: 'onStartupFinished'
2026-02-24 05:50:47.809 [info] ExtensionService#_doActivateExtension eamodio.gitlens, startup: false, activationEvent: 'onStartupFinished'
2026-02-24 05:50:47.870 [info] ExtensionService#_doActivateExtension esbenp.prettier-vscode, startup: false, activationEvent: 'onStartupFinished'
2026-02-24 05:50:47.870 [info] ExtensionService#_doActivateExtension formulahendry.code-runner, startup: false, activationEvent: 'onStartupFinished'
2026-02-24 05:50:47.882 [info] ExtensionService#_doActivateExtension ms-vscode-remote.remote-containers, startup: false, activationEvent: 'onStartupFinished'
2026-02-24 05:50:47.962 [info] ExtensionService#_doActivateExtension PKief.material-icon-theme, startup: false, activationEvent: 'onStartupFinished'
2026-02-24 05:50:47.970 [info] ExtensionService#_doActivateExtension ritwickdey.LiveServer, startup: false, activationEvent: 'onStartupFinished'
2026-02-24 05:50:47.974 [info] ExtensionService#_doActivateExtension vscodevim.vim, startup: false, activationEvent: 'onStartupFinished'
2026-02-24 05:51:04.325 [warning] TextEditor is closed/disposed
2026-02-24 05:51:08.499 [info] ExtensionService#_doActivateExtension DavidAnson.vscode-markdownlint, startup: false, activationEvent: 'onLanguage:markdown'
2026-02-24 05:51:15.372 [info] Extension host terminating: renderer closed the MessagePort
2026-02-24 05:51:15.382 [error] An error occurred when disposing the subscriptions for extension 'eamodio.gitlens':
2026-02-24 05:51:15.384 [error] TypeError: Cannot read properties of undefined (reading 'dispose')
	at Object.dispose (file:///usr/share/code/resources/app/out/vs/workbench/api/node/extensionHostProcess.js:144:140616)
	at Vw.<anonymous> (file:///usr/share/code/resources/app/out/vs/workbench/api/node/extensionHostProcess.js:112:24779)
	at Vw.dispose (file:///usr/share/code/resources/app/out/vs/workbench/api/node/extensionHostProcess.js:112:24875)
	at Object.dispose (/home/gsmith-alvarez/.vscode/extensions/eamodio.gitlens-17.10.1/dist/gitlens.js:1596:30242)
	at /home/gsmith-alvarez/.vscode/extensions/eamodio.gitlens-17.10.1/dist/gitlens.js:2376:58668
	at Array.forEach (<anonymous>)
	at Object.dispose (/home/gsmith-alvarez/.vscode/extensions/eamodio.gitlens-17.10.1/dist/gitlens.js:2376:58649)
	at Yi (file:///usr/share/code/resources/app/out/vs/workbench/api/node/extensionHostProcess.js:25:746)
	at qL.b (file:///usr/share/code/resources/app/out/vs/workbench/api/node/extensionHostProcess.js:120:15201)
	at qL.dispose (file:///usr/share/code/resources/app/out/vs/workbench/api/node/extensionHostProcess.js:25:1227)
	at pee.eb (file:///usr/share/code/resources/app/out/vs/workbench/api/node/extensionHostProcess.js:120:12075)
	at file:///usr/share/code/resources/app/out/vs/workbench/api/node/extensionHostProcess.js:120:10030
	at Array.map (<anonymous>)
	at pee.$ (file:///usr/share/code/resources/app/out/vs/workbench/api/node/extensionHostProcess.js:120:10018)
	at pee.terminate (file:///usr/share/code/resources/app/out/vs/workbench/api/node/extensionHostProcess.js:120:10261)
	at nR.terminate (file:///usr/share/code/resources/app/out/vs/workbench/api/node/extensionHostProcess.js:122:914)
	at zr (file:///usr/share/code/resources/app/out/vs/workbench/api/node/extensionHostProcess.js:405:11144)
	at MessagePortMain.<anonymous> (file:///usr/share/code/resources/app/out/vs/workbench/api/node/extensionHostProcess.js:405:7611)
	at MessagePortMain.emit (node:events:519:28)
	at MessagePortMain._internalPort.emit (node:electron/js2c/utility_init:2:2959)
2026-02-24 05:51:15.388 [info] Extension host with pid 25506 exiting with code 0
