2026-02-24 21:29:37.831 [info] CLI main {"_":[],"diff":false,"merge":false,"add":false,"remove":false,"goto":false,"new-window":false,"reuse-window":false,"wait":false,"help":false,"list-extensions":false,"show-versions":false,"install-extension":["VSpaceCode.vspacecode"],"pre-release":false,"update-extensions":false,"version":false,"verbose":false,"status":false,"prof-startup":false,"no-cached-data":false,"prof-v8-extensions":false,"disable-extensions":false,"disable-lcd-text":false,"disable-gpu":false,"disable-chromium-sandbox":false,"sandbox":false,"telemetry":false,"debugRenderer":false,"enable-smoke-test-driver":false,"logExtensionHostCommunication":false,"skip-release-notes":false,"skip-welcome":false,"disable-telemetry":false,"disable-updates":false,"transient":false,"use-inmemory-secretstorage":false,"disable-workspace-trust":false,"disable-crash-reporter":false,"skip-add-to-recently-opened":false,"open-url":false,"file-write":false,"file-chmod":false,"force":false,"do-not-sync":false,"do-not-include-pack-dependencies":false,"trace":false,"trace-memory-infra":false,"preserve-env":false,"force-user-env":false,"force-disable-user-env":false,"open-devtools":false,"disable-gpu-sandbox":false,"__enable-file-policy":false,"enable-coi":false,"enable-rdp-display-tracking":false,"disable-layout-restore":false,"disable-experiments":false,"no-proxy-server":false,"no-sandbox":false,"nolazy":false,"force-renderer-accessibility":false,"ignore-certificate-errors":false,"allow-insecure-localhost":false,"disable-dev-shm-usage":false,"profile-temp":false,"logsPath":"/home/gsmith-alvarez/.config/Code/logs/20260224T212937"}
2026-02-24 21:29:38.068 [info] Getting Manifest... vspacecode.vspacecode
2026-02-24 21:29:38.104 [info] Installing extension: vspacecode.vspacecode {"isMachineScoped":false,"installPreReleaseVersion":false,"donotIncludePackAndDependencies":false,"profileLocation":{"$mid":1,"external":"vscode-userdata:/home/gsmith-alvarez/.vscode/extensions/extensions.json","path":"/home/gsmith-alvarez/.vscode/extensions/extensions.json","scheme":"vscode-userdata"},"isBuiltin":false,"installGivenVersion":false,"isApplicationScoped":false,"productVersion":{"version":"1.109.5","date":"2026-02-19T19:43:32.382Z"}}
2026-02-24 21:29:38.188 [info] Getting Manifest... vspacecode.whichkey
2026-02-24 21:29:38.197 [info] Getting Manifest... vscodevim.vim
2026-02-24 21:29:38.227 [info] Getting Manifest... bodil.file-browser
2026-02-24 21:29:38.258 [info] Getting Manifest... jacobdufault.fuzzy-search
2026-02-24 21:29:38.275 [info] Getting Manifest... kahole.magit
2026-02-24 21:29:38.291 [info] Installing extension: vspacecode.whichkey {"isMachineScoped":false,"installPreReleaseVersion":false,"donotIncludePackAndDependencies":false,"profileLocation":{"$mid":1,"external":"vscode-userdata:/home/gsmith-alvarez/.vscode/extensions/extensions.json","path":"/home/gsmith-alvarez/.vscode/extensions/extensions.json","scheme":"vscode-userdata"},"isBuiltin":false,"installGivenVersion":false,"isApplicationScoped":false,"productVersion":{"version":"1.109.5","date":"2026-02-19T19:43:32.382Z"},"pinned":false,"context":{"dependecyOrPackExtensionInstall":true}}
2026-02-24 21:29:38.291 [info] Installing extension: bodil.file-browser {"isMachineScoped":false,"installPreReleaseVersion":false,"donotIncludePackAndDependencies":false,"profileLocation":{"$mid":1,"external":"vscode-userdata:/home/gsmith-alvarez/.vscode/extensions/extensions.json","path":"/home/gsmith-alvarez/.vscode/extensions/extensions.json","scheme":"vscode-userdata"},"isBuiltin":false,"installGivenVersion":false,"isApplicationScoped":false,"productVersion":{"version":"1.109.5","date":"2026-02-19T19:43:32.382Z"},"pinned":false,"context":{"dependecyOrPackExtensionInstall":true}}
2026-02-24 21:29:38.291 [info] Installing extension: jacobdufault.fuzzy-search {"isMachineScoped":false,"installPreReleaseVersion":false,"donotIncludePackAndDependencies":false,"profileLocation":{"$mid":1,"external":"vscode-userdata:/home/gsmith-alvarez/.vscode/extensions/extensions.json","path":"/home/gsmith-alvarez/.vscode/extensions/extensions.json","scheme":"vscode-userdata"},"isBuiltin":false,"installGivenVersion":false,"isApplicationScoped":false,"productVersion":{"version":"1.109.5","date":"2026-02-19T19:43:32.382Z"},"pinned":false,"context":{"dependecyOrPackExtensionInstall":true}}
2026-02-24 21:29:38.291 [info] Installing extension: kahole.magit {"isMachineScoped":false,"installPreReleaseVersion":false,"donotIncludePackAndDependencies":false,"profileLocation":{"$mid":1,"external":"vscode-userdata:/home/gsmith-alvarez/.vscode/extensions/extensions.json","path":"/home/gsmith-alvarez/.vscode/extensions/extensions.json","scheme":"vscode-userdata"},"isBuiltin":false,"installGivenVersion":false,"isApplicationScoped":false,"productVersion":{"version":"1.109.5","date":"2026-02-19T19:43:32.382Z"},"pinned":false,"context":{"dependecyOrPackExtensionInstall":true}}
2026-02-24 21:29:38.773 [info] Extension signature verification result for kahole.magit: Success. Internal Code: 0. Executed: true. Duration: 343ms.
2026-02-24 21:29:38.775 [info] Extension signature verification result for jacobdufault.fuzzy-search: Success. Internal Code: 0. Executed: true. Duration: 351ms.
2026-02-24 21:29:38.778 [info] Extension signature verification result for vspacecode.whichkey: Success. Internal Code: 0. Executed: true. Duration: 343ms.
2026-02-24 21:29:38.781 [info] Extracted extension to file:///home/gsmith-alvarez/.vscode/extensions/jacobdufault.fuzzy-search-0.0.3: jacobdufault.fuzzy-search
2026-02-24 21:29:38.782 [info] Extension signature verification result for vspacecode.vspacecode: Success. Internal Code: 0. Executed: true. Duration: 346ms.
2026-02-24 21:29:38.782 [info] Extension signature verification result for bodil.file-browser: Success. Internal Code: 0. Executed: true. Duration: 349ms.
2026-02-24 21:29:38.785 [info] Renamed to /home/gsmith-alvarez/.vscode/extensions/jacobdufault.fuzzy-search-0.0.3
2026-02-24 21:29:38.787 [info] Extracted extension to file:///home/gsmith-alvarez/.vscode/extensions/vspacecode.whichkey-0.11.4: vspacecode.whichkey
2026-02-24 21:29:38.792 [info] Renamed to /home/gsmith-alvarez/.vscode/extensions/vspacecode.whichkey-0.11.4
2026-02-24 21:29:38.809 [info] Extracted extension to file:///home/gsmith-alvarez/.vscode/extensions/kahole.magit-0.6.68: kahole.magit
2026-02-24 21:29:38.818 [info] Renamed to /home/gsmith-alvarez/.vscode/extensions/kahole.magit-0.6.68
2026-02-24 21:29:38.845 [info] Extracted extension to file:///home/gsmith-alvarez/.vscode/extensions/bodil.file-browser-0.2.11: bodil.file-browser
2026-02-24 21:29:38.847 [info] Renamed to /home/gsmith-alvarez/.vscode/extensions/bodil.file-browser-0.2.11
2026-02-24 21:29:38.847 [info] Extracted extension to file:///home/gsmith-alvarez/.vscode/extensions/vspacecode.vspacecode-0.10.20: vspacecode.vspacecode
2026-02-24 21:29:38.861 [info] Renamed to /home/gsmith-alvarez/.vscode/extensions/vspacecode.vspacecode-0.10.20
2026-02-24 21:29:38.892 [info] Extension installed successfully: jacobdufault.fuzzy-search vscode-userdata:/home/gsmith-alvarez/.vscode/extensions/extensions.json
2026-02-24 21:29:38.892 [info] Extension installed successfully: vspacecode.whichkey vscode-userdata:/home/gsmith-alvarez/.vscode/extensions/extensions.json
2026-02-24 21:29:38.892 [info] Extension installed successfully: kahole.magit vscode-userdata:/home/gsmith-alvarez/.vscode/extensions/extensions.json
2026-02-24 21:29:38.892 [info] Extension installed successfully: bodil.file-browser vscode-userdata:/home/gsmith-alvarez/.vscode/extensions/extensions.json
2026-02-24 21:29:38.892 [info] Extension installed successfully: vspacecode.vspacecode vscode-userdata:/home/gsmith-alvarez/.vscode/extensions/extensions.json
