2026-02-24 21:34:30.945 [info] [main] Log level: Info
2026-02-24 21:34:30.945 [info] [main] Validating found git in: "git"
2026-02-24 21:34:30.946 [info] [main] Using git "2.53.0" from "git"
2026-02-24 21:34:30.946 [info] [Model][doInitialScan] Initial repository scan started
2026-02-24 21:34:30.946 [info] > git rev-parse --show-toplevel [1ms]
2026-02-24 21:34:30.946 [info] > git rev-parse --git-dir --git-common-dir --show-superproject-working-tree [2ms]
2026-02-24 21:34:30.946 [info] [Model][openRepository] Opened repository (path): /home/gsmith-alvarez/dotfiles
2026-02-24 21:34:30.946 [info] [Model][openRepository] Opened repository (real path): /home/gsmith-alvarez/dotfiles
2026-02-24 21:34:30.946 [info] [Model][openRepository] Opened repository (kind): repository
2026-02-24 21:34:30.946 [info] [Model][doInitialScan] Initial repository scan completed - repositories (1), closed repositories (0), parent repositories (0), unsafe repositories (0)
2026-02-24 21:34:30.946 [info] > git config --get commit.template [8ms]
2026-02-24 21:34:31.224 [info] > git for-each-ref --format=%(refname)%00%(upstream:short)%00%(objectname)%00%(upstream:track)%00%(upstream:remotename)%00%(upstream:remoteref) refs/heads/main refs/remotes/main [279ms]
2026-02-24 21:34:31.398 [info] > git check-ignore -v -z --stdin [8ms]
2026-02-24 21:34:31.426 [info] > git status -z -uall [16ms]
2026-02-24 21:34:31.442 [info] > git check-ignore -v -z --stdin [11ms]
2026-02-24 21:34:31.442 [info] > git show --textconv :README.md [7ms]
2026-02-24 21:34:31.443 [info] > git for-each-ref --sort -committerdate --format %(refname)%00%(objectname)%00%(*objectname) [30ms]
2026-02-24 21:34:31.470 [info] > git for-each-ref --format=%(refname)%00%(upstream:short)%00%(objectname)%00%(upstream:track)%00%(upstream:remotename)%00%(upstream:remoteref) refs/heads/main refs/remotes/main [21ms]
2026-02-24 21:34:31.474 [info] > git ls-files --stage -- README.md [35ms]
2026-02-24 21:34:31.486 [info] > git config --get --local branch.main.vscode-merge-base [12ms]
2026-02-24 21:34:31.490 [info] > git config --get commit.template [36ms]
2026-02-24 21:34:31.516 [info] > git cat-file -s e74d37dd40c87fae45a89255952dcf50f25ca13c [39ms]
2026-02-24 21:34:31.521 [info] > git for-each-ref --format=%(refname)%00%(upstream:short)%00%(objectname)%00%(upstream:track)%00%(upstream:remotename)%00%(upstream:remoteref) refs/heads/origin/main refs/remotes/origin/main [31ms]
2026-02-24 21:34:31.530 [info] > git merge-base refs/heads/main refs/remotes/origin/main [5ms]
2026-02-24 21:34:31.534 [info] > git for-each-ref --format=%(refname)%00%(upstream:short)%00%(objectname)%00%(upstream:track)%00%(upstream:remotename)%00%(upstream:remoteref) refs/heads/main refs/remotes/main [14ms]
2026-02-24 21:34:31.552 [info] > git diff --raw --numstat --diff-filter=ADMR -z --find-renames=50% 33648d8d0601a4885706fe2ba7dedb7157d40ecc...refs/remotes/origin/main -- [18ms]
2026-02-24 21:34:31.591 [info] > git status -z -uall [9ms]
2026-02-24 21:34:31.591 [info] > git for-each-ref --sort -committerdate --format %(refname)%00%(objectname)%00%(*objectname) [6ms]
2026-02-24 21:34:31.609 [info] > git check-ignore -v -z --stdin [4ms]
2026-02-24 21:34:31.631 [info] > git blame --root --incremental 33648d8d0601a4885706fe2ba7dedb7157d40ecc -- README.md [18ms]
2026-02-24 21:34:51.553 [info] > git config --get commit.template [3ms]
2026-02-24 21:34:51.553 [info] > git for-each-ref --format=%(refname)%00%(upstream:short)%00%(objectname)%00%(upstream:track)%00%(upstream:remotename)%00%(upstream:remoteref) refs/heads/main refs/remotes/main [1ms]
2026-02-24 21:34:51.559 [info] > git status -z -uall [3ms]
2026-02-24 21:34:51.560 [info] > git for-each-ref --sort -committerdate --format %(refname)%00%(objectname)%00%(*objectname) [1ms]
