2026-02-24 05:50:47.758 [info] [main] Log level: Info
2026-02-24 05:50:47.758 [info] [main] Validating found git in: "git"
2026-02-24 05:50:47.758 [info] [main] Using git "2.53.0" from "git"
2026-02-24 05:50:47.758 [info] [Model][doInitialScan] Initial repository scan started
2026-02-24 05:50:47.758 [info] [Model][doInitialScan] Initial repository scan completed - repositories (0), closed repositories (0), parent repositories (0), unsafe repositories (0)
2026-02-24 05:50:48.842 [info] > git rev-parse --show-toplevel [3ms]
2026-02-24 05:50:48.848 [info] > git rev-parse --git-dir --git-common-dir --show-superproject-working-tree [2ms]
2026-02-24 05:50:48.883 [info] [Model][openRepository] Opened repository (path): /home/gsmith-alvarez/dotfiles
2026-02-24 05:50:48.883 [info] [Model][openRepository] Opened repository (real path): /home/gsmith-alvarez/dotfiles
2026-02-24 05:50:48.883 [info] [Model][openRepository] Opened repository (kind): repository
2026-02-24 05:50:48.894 [info] > git config --get commit.template [6ms]
2026-02-24 05:50:48.894 [info] > git for-each-ref --format=%(refname)%00%(upstream:short)%00%(objectname)%00%(upstream:track)%00%(upstream:remotename)%00%(upstream:remoteref) refs/heads/main refs/remotes/main [2ms]
2026-02-24 05:50:48.909 [info] > git status -z -uall [4ms]
2026-02-24 05:50:48.910 [info] > git for-each-ref --sort -committerdate --format %(refname)%00%(objectname)%00%(*objectname) [2ms]
2026-02-24 05:50:48.919 [info] > git for-each-ref --format=%(refname)%00%(upstream:short)%00%(objectname)%00%(upstream:track)%00%(upstream:remotename)%00%(upstream:remoteref) refs/heads/main refs/remotes/main [3ms]
2026-02-24 05:50:48.924 [info] > git config --get --local branch.main.vscode-merge-base [2ms]
2026-02-24 05:50:48.928 [info] > git config --get commit.template [9ms]
2026-02-24 05:50:48.930 [info] > git for-each-ref --format=%(refname)%00%(upstream:short)%00%(objectname)%00%(upstream:track)%00%(upstream:remotename)%00%(upstream:remoteref) refs/heads/origin/main refs/remotes/origin/main [3ms]
2026-02-24 05:50:48.943 [info] > git for-each-ref --format=%(refname)%00%(upstream:short)%00%(objectname)%00%(upstream:track)%00%(upstream:remotename)%00%(upstream:remoteref) refs/heads/main refs/remotes/main [4ms]
2026-02-24 05:50:48.943 [info] > git merge-base refs/heads/main refs/remotes/origin/main [9ms]
2026-02-24 05:50:48.947 [info] > git diff --raw --numstat --diff-filter=ADMR -z --find-renames=50% 4b372302b33d6b6d9ab028644b50a2c68c8f9c9e...refs/remotes/origin/main -- [1ms]
2026-02-24 05:50:48.954 [info] > git status -z -uall [4ms]
2026-02-24 05:50:48.954 [info] > git for-each-ref --sort -committerdate --format %(refname)%00%(objectname)%00%(*objectname) [1ms]
2026-02-24 05:50:49.188 [info] > git check-ignore -v -z --stdin [1ms]
2026-02-24 05:50:49.209 [info] > git show --textconv :README.md [4ms]
2026-02-24 05:50:49.210 [info] > git ls-files --stage -- README.md [1ms]
2026-02-24 05:50:49.213 [info] > git cat-file -s 0ed3c55b2f7b916d3a17871280298ee51b4b3f13 [1ms]
2026-02-24 05:50:49.260 [info] > git blame --root --incremental 4b372302b33d6b6d9ab028644b50a2c68c8f9c9e -- README.md [3ms]
2026-02-24 05:50:49.429 [info] > git check-ignore -v -z --stdin [1ms]
